<?xml version="1.0" encoding="UTF-8"?>
<testsuites>
  <testsuite name="BagIt Tests" tests="17" assertions="35" failures="0" errors="3" time="3.426102">
    <testsuite name="BagIt Tests" tests="17" assertions="35" failures="0" errors="3" time="3.426102">
      <testsuite name="BagIt_AdminRoutingTest" file="/Applications/MAMP/htdocs/omeka_testing/plugins/BagIt/tests/integration/AdminRoutingTest.php" fullPackage="omeka.BagIt" package="omeka" subpackage="BagIt" tests="8" assertions="24" failures="0" errors="0" time="1.485236">
        <testcase name="testCanBrowseCollections" class="BagIt_AdminRoutingTest" file="/Applications/MAMP/htdocs/omeka_testing/plugins/BagIt/tests/integration/AdminRoutingTest.php" line="41" assertions="3" time="0.277142"/>
        <testcase name="testIndexRedirectWorks" class="BagIt_AdminRoutingTest" file="/Applications/MAMP/htdocs/omeka_testing/plugins/BagIt/tests/integration/AdminRoutingTest.php" line="51" assertions="3" time="0.162305"/>
        <testcase name="testCanViewImportInterface" class="BagIt_AdminRoutingTest" file="/Applications/MAMP/htdocs/omeka_testing/plugins/BagIt/tests/integration/AdminRoutingTest.php" line="61" assertions="3" time="0.188161"/>
        <testcase name="testImportRoute" class="BagIt_AdminRoutingTest" file="/Applications/MAMP/htdocs/omeka_testing/plugins/BagIt/tests/integration/AdminRoutingTest.php" line="71" assertions="3" time="0.204518"/>
        <testcase name="testBrowseCollectionRoute" class="BagIt_AdminRoutingTest" file="/Applications/MAMP/htdocs/omeka_testing/plugins/BagIt/tests/integration/AdminRoutingTest.php" line="81" assertions="3" time="0.159127"/>
        <testcase name="testDeleteCollectionRoute" class="BagIt_AdminRoutingTest" file="/Applications/MAMP/htdocs/omeka_testing/plugins/BagIt/tests/integration/AdminRoutingTest.php" line="92" assertions="3" time="0.160729"/>
        <testcase name="testExportPrepRoute" class="BagIt_AdminRoutingTest" file="/Applications/MAMP/htdocs/omeka_testing/plugins/BagIt/tests/integration/AdminRoutingTest.php" line="103" assertions="3" time="0.167229"/>
        <testcase name="testAddFilesRoute" class="BagIt_AdminRoutingTest" file="/Applications/MAMP/htdocs/omeka_testing/plugins/BagIt/tests/integration/AdminRoutingTest.php" line="114" assertions="3" time="0.166025"/>
      </testsuite>
      <testsuite name="BagIt_BagItTest" file="/Applications/MAMP/htdocs/omeka_testing/plugins/BagIt/tests/integration/BagItTest.php" fullPackage="omeka.BagIt" package="omeka" subpackage="BagIt" tests="2" assertions="0" failures="0" errors="2" time="0.339149">
        <testcase name="testCreateBag" class="BagIt_BagItTest" file="/Applications/MAMP/htdocs/omeka_testing/plugins/BagIt/tests/integration/BagItTest.php" line="56" assertions="0" time="0.168101">
          <error type="PHPUnit_Framework_Error_Warning">BagIt_BagItTest::testCreateBag
opendir(_files): failed to open dir: No such file or directory

/Applications/MAMP/htdocs/omeka_testing/plugins/BagIt/tests/BagIt_Test_AppTestCase.php:140
/Applications/MAMP/htdocs/omeka_testing/plugins/BagIt/tests/integration/BagItTest.php:60
</error>
        </testcase>
        <testcase name="testReadBag" class="BagIt_BagItTest" file="/Applications/MAMP/htdocs/omeka_testing/plugins/BagIt/tests/integration/BagItTest.php" line="94" assertions="0" time="0.171048">
          <error type="PHPUnit_Framework_Error_Warning">BagIt_BagItTest::testReadBag
copy(TestBag.tgz): failed to open stream: No such file or directory

/Applications/MAMP/htdocs/omeka_testing/plugins/BagIt/tests/BagIt_Test_AppTestCase.php:163
/Applications/MAMP/htdocs/omeka_testing/plugins/BagIt/tests/integration/BagItTest.php:97
</error>
        </testcase>
      </testsuite>
      <testsuite name="BagIt_CollectionsControllerTest" file="/Applications/MAMP/htdocs/omeka_testing/plugins/BagIt/tests/integration/CollectionsControllerTest.php" fullPackage="omeka.BagIt" package="omeka" subpackage="BagIt" tests="7" assertions="11" failures="0" errors="1" time="1.601718">
        <testcase name="testDetectNoCollections" class="BagIt_CollectionsControllerTest" file="/Applications/MAMP/htdocs/omeka_testing/plugins/BagIt/tests/integration/CollectionsControllerTest.php" line="57" assertions="2" time="0.224195"/>
        <testcase name="testAddCollection" class="BagIt_CollectionsControllerTest" file="/Applications/MAMP/htdocs/omeka_testing/plugins/BagIt/tests/integration/CollectionsControllerTest.php" line="66" assertions="2" time="0.166490"/>
        <testcase name="testRejectBlankCollectionName" class="BagIt_CollectionsControllerTest" file="/Applications/MAMP/htdocs/omeka_testing/plugins/BagIt/tests/integration/CollectionsControllerTest.php" line="81" assertions="1" time="0.173624"/>
        <testcase name="testCollectionNameTrim" class="BagIt_CollectionsControllerTest" file="/Applications/MAMP/htdocs/omeka_testing/plugins/BagIt/tests/integration/CollectionsControllerTest.php" line="95" assertions="1" time="0.171742"/>
        <testcase name="testDeleteCollection" class="BagIt_CollectionsControllerTest" file="/Applications/MAMP/htdocs/omeka_testing/plugins/BagIt/tests/integration/CollectionsControllerTest.php" line="109" assertions="4" time="0.208039"/>
        <testcase name="testDetectNoFilesToAdd" class="BagIt_CollectionsControllerTest" file="/Applications/MAMP/htdocs/omeka_testing/plugins/BagIt/tests/integration/CollectionsControllerTest.php" line="134" assertions="1" time="0.207527"/>
        <testcase name="testAddAndRemoveFiles" class="BagIt_CollectionsControllerTest" file="/Applications/MAMP/htdocs/omeka_testing/plugins/BagIt/tests/integration/CollectionsControllerTest.php" line="143" assertions="0" time="0.450101">
          <error type="PHPUnit_Framework_Error_Warning">BagIt_CollectionsControllerTest::testAddAndRemoveFiles
opendir(_files): failed to open dir: No such file or directory

/Applications/MAMP/htdocs/omeka_testing/plugins/BagIt/tests/BagIt_Test_AppTestCase.php:140
/Applications/MAMP/htdocs/omeka_testing/plugins/BagIt/tests/integration/CollectionsControllerTest.php:147
</error>
        </testcase>
      </testsuite>
    </testsuite>
  </testsuite>
</testsuites>
